0 info it worked if it ends with ok
1 verbose cli [ 'C:\\Users\\hioki\\AppData\\Local\\atom\\app-1.7.4\\resources\\app\\apm\\bin\\node.exe',
1 verbose cli   'C:\\Users\\hioki\\AppData\\Local\\atom\\app-1.7.4\\resources\\app\\apm\\node_modules\\npm\\bin\\npm-cli.js',
1 verbose cli   'version',
1 verbose cli   'v0.0.2',
1 verbose cli   '-m',
1 verbose cli   'Prepare %s release' ]
2 info using npm@2.13.3
3 info using node@v0.10.40
4 verbose stack Error: Version not changed
4 verbose stack     at C:\Users\hioki\AppData\Local\atom\app-1.7.4\resources\app\apm\node_modules\npm\lib\version.js:51:49
4 verbose stack     at C:\Users\hioki\AppData\Local\atom\app-1.7.4\resources\app\apm\node_modules\npm\node_modules\graceful-fs\graceful-fs.js:76:16
4 verbose stack     at fs.js:272:14
4 verbose stack     at C:\Users\hioki\AppData\Local\atom\app-1.7.4\resources\app\apm\node_modules\npm\node_modules\graceful-fs\graceful-fs.js:42:10
4 verbose stack     at Object.oncomplete (fs.js:108:15)
5 verbose cwd C:\Users\hioki\github\narou-ruby
6 error Windows_NT 6.1.7601
7 error argv "C:\\Users\\hioki\\AppData\\Local\\atom\\app-1.7.4\\resources\\app\\apm\\bin\\node.exe" "C:\\Users\\hioki\\AppData\\Local\\atom\\app-1.7.4\\resources\\app\\apm\\node_modules\\npm\\bin\\npm-cli.js" "version" "v0.0.2" "-m" "Prepare %s release"
8 error node v0.10.40
9 error npm  v2.13.3
10 error Version not changed
11 error If you need help, you may report this error at:
11 error     <https://github.com/npm/npm/issues>
12 verbose exit [ 1, true ]
